Hello this is a debug message
Hello this is an info message
Hello this is a debug message
Hello this is an info message
Hello this is a debug message
Hello this is an info message
Debug Message!
Info Message!
Warn Message!
Error Message!
Fatal Message!
Hello this is an info message
Info Message!
Warn Message!
Error Message!
Fatal Message!
Info Message!
Warn Message!
Error Message!
Fatal Message!
Debug Message!
Info Message!
Warn Message!
Error Message!
Fatal Message!
Debug Message!
Info Message!
Warn Message!
Error Message!
Fatal Message!
Trace Message!
Debug Message!
Info Message!
Warn Message!
Error Message!
Fatal Message!
Trace Message!
Debug Message!
Info Message!
Warn Message!
Error Message!
Fatal Message!
Trace Message!
Debug Message!
Info Message!
Warn Message!
Error Message!
Fatal Message!
Trace Message!
Debug Message!
Info Message!
Warn Message!
Error Message!
Fatal Message!
Trace Message!
Debug Message!
Info Message!
Warn Message!
Error Message!
Fatal Message!
Trace Message!
Debug Message!
Info Message!
Warn Message!
Error Message!
Fatal Message!
Trace Message!
Debug Message!
Info Message!
Warn Message!
Error Message!
Fatal Message!
Trace Message!
Debug Message!
Info Message!
Warn Message!
Error Message!
Fatal Message!
Trace Message!
Debug Message!
Info Message!
Warn Message!
Error Message!
Fatal Message!
Trace Message!
Debug Message!
Info Message!
Warn Message!
Error Message!
Fatal Message!
